2022-04-14 17:27:34,459 INFO o.a.j.u.JMeterUtils: Setting Locale to en_EN
2022-04-14 17:27:34,469 INFO o.a.j.JMeter: Loading user properties from: C:\Users\tbhattacharjee\Desktop\apache-jmeter-5.4.3\bin\user.properties
2022-04-14 17:27:34,469 INFO o.a.j.JMeter: Loading system properties from: C:\Users\tbhattacharjee\Desktop\apache-jmeter-5.4.3\bin\system.properties
2022-04-14 17:27:34,469 INFO o.a.j.JMeter: Copyright (c) 1998-2021 The Apache Software Foundation
2022-04-14 17:27:34,469 INFO o.a.j.JMeter: Version 5.4.3
2022-04-14 17:27:34,469 INFO o.a.j.JMeter: java.version=1.8.0_321
2022-04-14 17:27:34,469 INFO o.a.j.JMeter: java.vm.name=Java HotSpot(TM) Client VM
2022-04-14 17:27:34,469 INFO o.a.j.JMeter: os.name=Windows 10
2022-04-14 17:27:34,479 INFO o.a.j.JMeter: os.arch=x86
2022-04-14 17:27:34,479 INFO o.a.j.JMeter: os.version=10.0
2022-04-14 17:27:34,479 INFO o.a.j.JMeter: file.encoding=Cp1252
2022-04-14 17:27:34,479 INFO o.a.j.JMeter: java.awt.headless=true
2022-04-14 17:27:34,479 INFO o.a.j.JMeter: Max memory     =1073741824
2022-04-14 17:27:34,479 INFO o.a.j.JMeter: Available Processors =8
2022-04-14 17:27:34,479 INFO o.a.j.JMeter: Default Locale=English (EN)
2022-04-14 17:27:34,479 INFO o.a.j.JMeter: JMeter  Locale=English (EN)
2022-04-14 17:27:34,479 INFO o.a.j.JMeter: JMeterHome=C:\Users\tbhattacharjee\Desktop\apache-jmeter-5.4.3
2022-04-14 17:27:34,479 INFO o.a.j.JMeter: user.dir  =C:\Users\tbhattacharjee\Desktop\Assignments\HU_JMETER\Main_Assignment
2022-04-14 17:27:34,484 INFO o.a.j.JMeter: PWD       =C:\Users\tbhattacharjee\Desktop\Assignments\HU_JMETER\Main_Assignment
2022-04-14 17:27:34,484 INFO o.a.j.JMeter: IP: 192.168.0.166 Name: USKOLTBHATTACH1 FullName: USKOLTBHATTACH1.us.deloitte.com
2022-04-14 17:27:34,484 INFO o.a.j.JMeter: Setting property 'jmeter.reportgenerator.outputdir' to:'C:\Users\tbhattacharjee\Desktop\Report'
2022-04-14 17:27:34,484 INFO o.a.j.s.FileServer: Default base='C:\Users\tbhattacharjee\Desktop\Assignments\HU_JMETER\Main_Assignment'
2022-04-14 17:27:34,490 INFO o.a.j.s.FileServer: Set new base='C:\Users\tbhattacharjee\Desktop\Assignments\HU_JMETER\Main_Assignment'
2022-04-14 17:27:34,552 INFO o.a.j.s.SaveService: Testplan (JMX) version: 2.2. Testlog (JTL) version: 2.2
2022-04-14 17:27:34,562 INFO o.a.j.s.SaveService: Using SaveService properties file encoding UTF-8
2022-04-14 17:27:34,569 INFO o.a.j.s.SaveService: Using SaveService properties version 5.0
2022-04-14 17:27:34,570 INFO o.a.j.s.SaveService: Loading file: C:\Users\tbhattacharjee\Desktop\Assignments\HU_JMETER\Main_Assignment\Main Assignment.jmx
2022-04-14 17:27:34,612 INFO o.a.j.p.h.s.HTTPSamplerBase: Parser for text/html is org.apache.jmeter.protocol.http.parser.LagartoBasedHtmlParser
2022-04-14 17:27:34,612 INFO o.a.j.p.h.s.HTTPSamplerBase: Parser for application/xhtml+xml is org.apache.jmeter.protocol.http.parser.LagartoBasedHtmlParser
2022-04-14 17:27:34,612 INFO o.a.j.p.h.s.HTTPSamplerBase: Parser for application/xml is org.apache.jmeter.protocol.http.parser.LagartoBasedHtmlParser
2022-04-14 17:27:34,612 INFO o.a.j.p.h.s.HTTPSamplerBase: Parser for text/xml is org.apache.jmeter.protocol.http.parser.LagartoBasedHtmlParser
2022-04-14 17:27:34,612 INFO o.a.j.p.h.s.HTTPSamplerBase: Parser for text/vnd.wap.wml is org.apache.jmeter.protocol.http.parser.RegexpHTMLParser
2022-04-14 17:27:34,612 INFO o.a.j.p.h.s.HTTPSamplerBase: Parser for text/css is org.apache.jmeter.protocol.http.parser.CssParser
2022-04-14 17:27:34,838 INFO o.a.j.e.KeyToolUtils: keytool found at 'keytool'
2022-04-14 17:27:34,838 INFO o.a.j.p.h.p.ProxyControl: HTTP(S) Test Script Recorder SSL Proxy will use keys that support embedded 3rd party resources in file C:\Users\tbhattacharjee\Desktop\apache-jmeter-5.4.3\bin\proxyserver.jks
2022-04-14 17:27:34,849 INFO o.a.j.JMeter: Creating summariser <summary>
2022-04-14 17:27:34,854 INFO o.a.j.r.d.ReportGenerator: ReportGenerator will use for Parsing the separator: ','
2022-04-14 17:27:34,854 INFO o.a.j.r.d.ReportGenerator: Will generate report at end of test from  results file: C:\Users\tbhattacharjee\Desktop\Assignments\HU_JMETER\Main_Assignment\report2.csv
2022-04-14 17:27:34,854 INFO o.a.j.r.d.ReportGenerator: Reading report generator properties from: C:\Users\tbhattacharjee\Desktop\apache-jmeter-5.4.3\bin\reportgenerator.properties
2022-04-14 17:27:34,854 INFO o.a.j.r.d.ReportGenerator: Merging with JMeter properties
2022-04-14 17:27:34,859 INFO o.a.j.r.c.ReportGeneratorConfiguration: Property 'jmeter.reportgenerator.temp_dir' not found, using default value 'temp' instead.
2022-04-14 17:27:34,859 INFO o.a.j.r.c.ReportGeneratorConfiguration: Property 'jmeter.reportgenerator.apdex_per_transaction' not found, using default value 'null' instead.
2022-04-14 17:27:34,859 INFO o.a.j.r.c.ReportGeneratorConfiguration: apdex_per_transaction is empty, not APDEX per transaction customization
2022-04-14 17:27:34,859 INFO o.a.j.r.c.ReportGeneratorConfiguration: Property 'jmeter.reportgenerator.sample_filter' not found, using default value 'null' instead.
2022-04-14 17:27:34,859 INFO o.a.j.r.c.ReportGeneratorConfiguration: Property 'jmeter.reportgenerator.report_title' not found, using default value 'null' instead.
2022-04-14 17:27:34,859 INFO o.a.j.r.c.ReportGeneratorConfiguration: Property 'jmeter.reportgenerator.start_date' not found, using default value 'null' instead.
2022-04-14 17:27:34,859 INFO o.a.j.r.c.ReportGeneratorConfiguration: Property 'jmeter.reportgenerator.end_date' not found, using default value 'null' instead.
2022-04-14 17:27:34,859 INFO o.a.j.r.c.ReportGeneratorConfiguration: Property 'jmeter.reportgenerator.date_format' not found, using default value 'null' instead.
2022-04-14 17:27:34,859 INFO o.a.j.r.c.ReportGeneratorConfiguration: Will use date range start date: null, end date: null
2022-04-14 17:27:34,859 INFO o.a.j.r.c.ReportGeneratorConfiguration: Property 'jmeter.reportgenerator.graph.totalTPS.exclude_controllers' not found, using default value 'false' instead.
2022-04-14 17:27:34,859 INFO o.a.j.r.c.ReportGeneratorConfiguration: Property 'jmeter.reportgenerator.graph.activeThreadsOverTime.exclude_controllers' not found, using default value 'false' instead.
2022-04-14 17:27:34,859 INFO o.a.j.r.c.ReportGeneratorConfiguration: Property 'jmeter.reportgenerator.graph.timeVsThreads.exclude_controllers' not found, using default value 'false' instead.
2022-04-14 17:27:34,859 INFO o.a.j.r.c.ReportGeneratorConfiguration: Property 'jmeter.reportgenerator.graph.responseTimeDistribution.exclude_controllers' not found, using default value 'false' instead.
2022-04-14 17:27:34,859 INFO o.a.j.r.c.ReportGeneratorConfiguration: Property 'jmeter.reportgenerator.graph.transactionsPerSecond.exclude_controllers' not found, using default value 'false' instead.
2022-04-14 17:27:34,859 INFO o.a.j.r.c.ReportGeneratorConfiguration: Property 'jmeter.reportgenerator.graph.responseTimePercentiles.exclude_controllers' not found, using default value 'false' instead.
2022-04-14 17:27:34,859 INFO o.a.j.r.c.ReportGeneratorConfiguration: Property 'jmeter.reportgenerator.graph.responseTimePercentilesOverTime.exclude_controllers' not found, using default value 'false' instead.
2022-04-14 17:27:34,859 INFO o.a.j.r.c.ReportGeneratorConfiguration: Property 'jmeter.reportgenerator.graph.responseTimesOverTime.exclude_controllers' not found, using default value 'false' instead.
2022-04-14 17:27:34,864 INFO o.a.j.r.c.ReportGeneratorConfiguration: Property 'jmeter.reportgenerator.graph.connectTimeOverTime.exclude_controllers' not found, using default value 'false' instead.
2022-04-14 17:27:34,864 INFO o.a.j.r.c.ReportGeneratorConfiguration: Property 'jmeter.reportgenerator.graph.latenciesOverTime.exclude_controllers' not found, using default value 'false' instead.
2022-04-14 17:27:34,864 INFO o.a.j.r.c.ReportGeneratorConfiguration: Property 'jmeter.reportgenerator.exporter.json.filters_only_sample_series' not found, using default value 'true' instead.
2022-04-14 17:27:34,864 INFO o.a.j.r.c.ReportGeneratorConfiguration: Property 'jmeter.reportgenerator.exporter.json.series_filter' not found, using default value '' instead.
2022-04-14 17:27:34,864 INFO o.a.j.r.c.ReportGeneratorConfiguration: Property 'jmeter.reportgenerator.exporter.json.show_controllers_only' not found, using default value 'false' instead.
2022-04-14 17:27:34,864 INFO o.a.j.r.c.ReportGeneratorConfiguration: Property 'jmeter.reportgenerator.exporter.html.filters_only_sample_series' not found, using default value 'true' instead.
2022-04-14 17:27:34,864 INFO o.a.j.r.c.ReportGeneratorConfiguration: Property 'jmeter.reportgenerator.exporter.html.series_filter' not found, using default value '' instead.
2022-04-14 17:27:34,864 INFO o.a.j.r.c.ReportGeneratorConfiguration: Property 'jmeter.reportgenerator.exporter.html.show_controllers_only' not found, using default value 'false' instead.
2022-04-14 17:27:34,864 INFO o.a.j.e.StandardJMeterEngine: Running the test!
2022-04-14 17:27:34,869 INFO o.a.j.s.SampleEvent: List of sample_variables: []
2022-04-14 17:27:34,869 INFO o.a.j.s.SampleEvent: List of sample_variables: []
2022-04-14 17:27:34,869 INFO o.a.j.e.u.CompoundVariable: Note: Function class names must contain the string: '.functions.'
2022-04-14 17:27:34,869 INFO o.a.j.e.u.CompoundVariable: Note: Function class names must not contain the string: '.gui.'
2022-04-14 17:27:35,058 INFO o.a.j.JMeter: Running test (1649937455058)
2022-04-14 17:27:35,084 INFO o.a.j.e.StandardJMeterEngine: Starting ThreadGroup: 1 : Login/Signup Thread Group
2022-04-14 17:27:35,084 INFO o.a.j.e.StandardJMeterEngine: Starting 1 threads for group Login/Signup Thread Group.
2022-04-14 17:27:35,084 INFO o.a.j.e.StandardJMeterEngine: Thread will continue on error
2022-04-14 17:27:35,084 INFO o.a.j.t.ThreadGroup: Starting thread group... number=1 threads=1 ramp-up=1 delayedStart=false
2022-04-14 17:27:35,084 INFO o.a.j.t.ThreadGroup: Started thread group number 1
2022-04-14 17:27:35,084 INFO o.a.j.e.StandardJMeterEngine: Starting ThreadGroup: 2 : Full Transaction Thread Group
2022-04-14 17:27:35,084 INFO o.a.j.e.StandardJMeterEngine: Starting 25 threads for group Full Transaction Thread Group.
2022-04-14 17:27:35,084 INFO o.a.j.e.StandardJMeterEngine: Thread will continue on error
2022-04-14 17:27:35,084 INFO o.a.j.t.ThreadGroup: Starting thread group... number=2 threads=25 ramp-up=50 delayedStart=false
2022-04-14 17:27:35,089 INFO o.a.j.s.SampleResult: Note: Sample TimeStamps are START times
2022-04-14 17:27:35,089 INFO o.a.j.s.SampleResult: sampleresult.default.encoding is set to ISO-8859-1
2022-04-14 17:27:35,089 INFO o.a.j.s.SampleResult: sampleresult.useNanoTime=true
2022-04-14 17:27:35,089 INFO o.a.j.s.SampleResult: sampleresult.nanoThreadSleep=5000
2022-04-14 17:27:35,089 INFO o.a.j.t.JMeterThread: Thread started: Full Transaction Thread Group 2-1
2022-04-14 17:27:35,105 INFO o.a.j.t.JMeterThread: Thread started: Login/Signup Thread Group 1-1
2022-04-14 17:27:35,105 INFO o.a.j.p.h.s.HTTPHCAbstractImpl: Local host = USKOLTBHATTACH1
2022-04-14 17:27:35,105 INFO o.a.j.s.FileServer: Stored: C:/Users/tbhattacharjee/Desktop/Assignments/HU_JMETER/Main_Assignment/Register.csv
2022-04-14 17:27:35,110 INFO o.a.j.t.ThreadGroup: Started thread group number 2
2022-04-14 17:27:35,110 INFO o.a.j.e.StandardJMeterEngine: Starting ThreadGroup: 3 : Send Message Thread Group
2022-04-14 17:27:35,110 INFO o.a.j.e.StandardJMeterEngine: Starting 1 threads for group Send Message Thread Group.
2022-04-14 17:27:35,110 INFO o.a.j.e.StandardJMeterEngine: Thread will continue on error
2022-04-14 17:27:35,110 INFO o.a.j.t.ThreadGroup: Starting thread group... number=3 threads=1 ramp-up=1 delayedStart=false
2022-04-14 17:27:35,110 INFO o.a.j.t.ThreadGroup: Started thread group number 3
2022-04-14 17:27:35,110 INFO o.a.j.e.StandardJMeterEngine: All thread groups have been started
2022-04-14 17:27:35,110 INFO o.a.j.t.JMeterThread: Thread started: Send Message Thread Group 3-1
2022-04-14 17:27:35,110 INFO o.a.j.p.h.s.HTTPHC4Impl: HTTP request retry count = 0
2022-04-14 17:27:35,258 INFO o.a.j.p.h.s.h.LazyLayeredConnectionSocketFactory: Setting up HTTPS TrustAll Socket Factory
2022-04-14 17:27:35,268 INFO o.a.j.u.JsseSSLManager: Using default SSL protocol: TLS
2022-04-14 17:27:35,268 INFO o.a.j.u.JsseSSLManager: SSL session context: per-thread
2022-04-14 17:27:35,570 INFO o.a.j.u.SSLManager: JmeterKeyStore Location:  type JKS
2022-04-14 17:27:35,570 INFO o.a.j.u.SSLManager: KeyStore created OK
2022-04-14 17:27:35,570 WARN o.a.j.u.SSLManager: Keystore file not found, loading empty keystore
2022-04-14 17:27:37,090 INFO o.a.j.t.JMeterThread: Thread started: Full Transaction Thread Group 2-2
2022-04-14 17:27:38,346 INFO o.a.j.s.FileServer: Stored: C:/Users/tbhattacharjee/Desktop/Assignments/HU_JMETER/Main_Assignment/Login_data.csv
2022-04-14 17:27:39,084 INFO o.a.j.t.JMeterThread: Thread started: Full Transaction Thread Group 2-3
2022-04-14 17:27:40,483 INFO o.a.j.s.FileServer: Stored: C:/Users/tbhattacharjee/Desktop/Assignments/HU_JMETER/Main_Assignment/Invalid_login.csv
2022-04-14 17:27:41,084 INFO o.a.j.t.JMeterThread: Thread started: Full Transaction Thread Group 2-4
2022-04-14 17:27:42,443 INFO o.a.j.t.JMeterThread: Thread is done: Login/Signup Thread Group 1-1
2022-04-14 17:27:42,443 INFO o.a.j.t.JMeterThread: Thread finished: Login/Signup Thread Group 1-1
2022-04-14 17:27:43,084 INFO o.a.j.t.JMeterThread: Thread started: Full Transaction Thread Group 2-5
2022-04-14 17:27:45,100 INFO o.a.j.t.JMeterThread: Thread started: Full Transaction Thread Group 2-6
2022-04-14 17:27:47,090 INFO o.a.j.t.JMeterThread: Thread started: Full Transaction Thread Group 2-7
2022-04-14 17:27:49,090 INFO o.a.j.t.JMeterThread: Thread started: Full Transaction Thread Group 2-8
2022-04-14 17:27:49,280 INFO o.a.j.t.JMeterThread: Thread is done: Full Transaction Thread Group 2-1
2022-04-14 17:27:49,280 INFO o.a.j.t.JMeterThread: Thread finished: Full Transaction Thread Group 2-1
2022-04-14 17:27:50,239 INFO o.a.j.t.JMeterThread: Thread is done: Full Transaction Thread Group 2-2
2022-04-14 17:27:50,239 INFO o.a.j.t.JMeterThread: Thread finished: Full Transaction Thread Group 2-2
2022-04-14 17:27:51,084 INFO o.a.j.t.JMeterThread: Thread started: Full Transaction Thread Group 2-9
2022-04-14 17:27:51,690 INFO o.a.j.t.JMeterThread: Thread is done: Full Transaction Thread Group 2-3
2022-04-14 17:27:51,690 INFO o.a.j.t.JMeterThread: Thread finished: Full Transaction Thread Group 2-3
2022-04-14 17:27:53,084 INFO o.a.j.t.JMeterThread: Thread started: Full Transaction Thread Group 2-10
2022-04-14 17:27:54,241 INFO o.a.j.t.JMeterThread: Thread is done: Full Transaction Thread Group 2-4
2022-04-14 17:27:54,241 INFO o.a.j.t.JMeterThread: Thread finished: Full Transaction Thread Group 2-4
2022-04-14 17:27:55,089 INFO o.a.j.t.JMeterThread: Thread started: Full Transaction Thread Group 2-11
2022-04-14 17:27:56,664 INFO o.a.j.t.JMeterThread: Thread is done: Full Transaction Thread Group 2-5
2022-04-14 17:27:56,664 INFO o.a.j.t.JMeterThread: Thread finished: Full Transaction Thread Group 2-5
2022-04-14 17:27:57,090 INFO o.a.j.t.JMeterThread: Thread started: Full Transaction Thread Group 2-12
2022-04-14 17:27:57,112 INFO o.a.j.t.JMeterThread: Thread is done: Full Transaction Thread Group 2-6
2022-04-14 17:27:57,112 INFO o.a.j.t.JMeterThread: Thread finished: Full Transaction Thread Group 2-6
2022-04-14 17:27:59,090 INFO o.a.j.t.JMeterThread: Thread started: Full Transaction Thread Group 2-13
2022-04-14 17:27:59,103 INFO o.a.j.t.JMeterThread: Thread is done: Full Transaction Thread Group 2-7
2022-04-14 17:27:59,103 INFO o.a.j.t.JMeterThread: Thread finished: Full Transaction Thread Group 2-7
2022-04-14 17:28:00,206 INFO o.a.j.r.Summariser: summary +     66 in 00:00:25 =    2.6/s Avg:   489 Min:    67 Max:  1608 Err:    10 (15.15%) Active: 7 Started: 15 Finished: 8
2022-04-14 17:28:00,206 INFO o.a.j.t.JMeterThread: Thread is done: Send Message Thread Group 3-1
2022-04-14 17:28:00,206 INFO o.a.j.t.JMeterThread: Thread finished: Send Message Thread Group 3-1
2022-04-14 17:28:01,085 INFO o.a.j.t.JMeterThread: Thread started: Full Transaction Thread Group 2-14
2022-04-14 17:28:01,133 INFO o.a.j.t.JMeterThread: Thread is done: Full Transaction Thread Group 2-8
2022-04-14 17:28:01,133 INFO o.a.j.t.JMeterThread: Thread finished: Full Transaction Thread Group 2-8
2022-04-14 17:28:03,085 INFO o.a.j.t.JMeterThread: Thread started: Full Transaction Thread Group 2-15
2022-04-14 17:28:03,859 INFO o.a.j.t.JMeterThread: Thread is done: Full Transaction Thread Group 2-9
2022-04-14 17:28:03,859 INFO o.a.j.t.JMeterThread: Thread finished: Full Transaction Thread Group 2-9
2022-04-14 17:28:05,073 INFO o.a.j.t.JMeterThread: Thread is done: Full Transaction Thread Group 2-10
2022-04-14 17:28:05,073 INFO o.a.j.t.JMeterThread: Thread finished: Full Transaction Thread Group 2-10
2022-04-14 17:28:05,085 INFO o.a.j.t.JMeterThread: Thread started: Full Transaction Thread Group 2-16
2022-04-14 17:28:06,254 INFO o.a.j.t.JMeterThread: Thread is done: Full Transaction Thread Group 2-11
2022-04-14 17:28:06,254 INFO o.a.j.t.JMeterThread: Thread finished: Full Transaction Thread Group 2-11
2022-04-14 17:28:07,098 INFO o.a.j.t.JMeterThread: Thread started: Full Transaction Thread Group 2-17
2022-04-14 17:28:09,089 INFO o.a.j.t.JMeterThread: Thread started: Full Transaction Thread Group 2-18
2022-04-14 17:28:09,418 INFO o.a.j.t.JMeterThread: Thread is done: Full Transaction Thread Group 2-12
2022-04-14 17:28:09,418 INFO o.a.j.t.JMeterThread: Thread finished: Full Transaction Thread Group 2-12
2022-04-14 17:28:10,287 INFO o.a.j.t.JMeterThread: Thread is done: Full Transaction Thread Group 2-13
2022-04-14 17:28:10,287 INFO o.a.j.t.JMeterThread: Thread finished: Full Transaction Thread Group 2-13
2022-04-14 17:28:11,086 INFO o.a.j.t.JMeterThread: Thread started: Full Transaction Thread Group 2-19
2022-04-14 17:28:13,008 INFO o.a.j.t.JMeterThread: Thread is done: Full Transaction Thread Group 2-14
2022-04-14 17:28:13,009 INFO o.a.j.t.JMeterThread: Thread finished: Full Transaction Thread Group 2-14
2022-04-14 17:28:13,084 INFO o.a.j.t.JMeterThread: Thread started: Full Transaction Thread Group 2-20
2022-04-14 17:28:13,973 INFO o.a.j.t.JMeterThread: Thread is done: Full Transaction Thread Group 2-15
2022-04-14 17:28:13,973 INFO o.a.j.t.JMeterThread: Thread finished: Full Transaction Thread Group 2-15
2022-04-14 17:28:15,085 INFO o.a.j.t.JMeterThread: Thread started: Full Transaction Thread Group 2-21
2022-04-14 17:28:16,261 INFO o.a.j.t.JMeterThread: Thread is done: Full Transaction Thread Group 2-16
2022-04-14 17:28:16,261 INFO o.a.j.t.JMeterThread: Thread finished: Full Transaction Thread Group 2-16
2022-04-14 17:28:17,084 INFO o.a.j.t.JMeterThread: Thread started: Full Transaction Thread Group 2-22
2022-04-14 17:28:18,872 INFO o.a.j.t.JMeterThread: Thread is done: Full Transaction Thread Group 2-17
2022-04-14 17:28:18,872 INFO o.a.j.t.JMeterThread: Thread finished: Full Transaction Thread Group 2-17
2022-04-14 17:28:19,090 INFO o.a.j.t.JMeterThread: Thread started: Full Transaction Thread Group 2-23
2022-04-14 17:28:20,634 INFO o.a.j.t.JMeterThread: Thread is done: Full Transaction Thread Group 2-18
2022-04-14 17:28:20,634 INFO o.a.j.t.JMeterThread: Thread finished: Full Transaction Thread Group 2-18
2022-04-14 17:28:21,090 INFO o.a.j.t.JMeterThread: Thread started: Full Transaction Thread Group 2-24
2022-04-14 17:28:22,557 INFO o.a.j.t.JMeterThread: Thread is done: Full Transaction Thread Group 2-19
2022-04-14 17:28:22,558 INFO o.a.j.t.JMeterThread: Thread finished: Full Transaction Thread Group 2-19
2022-04-14 17:28:23,085 INFO o.a.j.t.JMeterThread: Thread started: Full Transaction Thread Group 2-25
2022-04-14 17:28:24,380 INFO o.a.j.t.JMeterThread: Thread is done: Full Transaction Thread Group 2-20
2022-04-14 17:28:24,380 INFO o.a.j.t.JMeterThread: Thread finished: Full Transaction Thread Group 2-20
2022-04-14 17:28:28,560 INFO o.a.j.t.JMeterThread: Thread is done: Full Transaction Thread Group 2-22
2022-04-14 17:28:28,560 INFO o.a.j.t.JMeterThread: Thread finished: Full Transaction Thread Group 2-22
2022-04-14 17:28:30,289 INFO o.a.j.t.JMeterThread: Thread is done: Full Transaction Thread Group 2-23
2022-04-14 17:28:30,289 INFO o.a.j.t.JMeterThread: Thread finished: Full Transaction Thread Group 2-23
2022-04-14 17:28:31,531 INFO o.a.j.t.JMeterThread: Thread is done: Full Transaction Thread Group 2-24
2022-04-14 17:28:31,531 INFO o.a.j.t.JMeterThread: Thread finished: Full Transaction Thread Group 2-24
2022-04-14 17:28:33,741 INFO o.a.j.t.JMeterThread: Thread is done: Full Transaction Thread Group 2-25
2022-04-14 17:28:33,741 INFO o.a.j.t.JMeterThread: Thread finished: Full Transaction Thread Group 2-25
2022-04-14 17:28:47,596 INFO o.a.j.t.JMeterThread: Thread is done: Full Transaction Thread Group 2-21
2022-04-14 17:28:47,596 INFO o.a.j.t.JMeterThread: Thread finished: Full Transaction Thread Group 2-21
2022-04-14 17:28:47,596 INFO o.a.j.e.StandardJMeterEngine: Notifying test listeners of end of test
2022-04-14 17:28:47,596 INFO o.a.j.s.FileServer: Close: C:/Users/tbhattacharjee/Desktop/Assignments/HU_JMETER/Main_Assignment/Register.csv
2022-04-14 17:28:47,596 INFO o.a.j.s.FileServer: Close: C:/Users/tbhattacharjee/Desktop/Assignments/HU_JMETER/Main_Assignment/Login_data.csv
2022-04-14 17:28:47,601 INFO o.a.j.s.FileServer: Close: C:/Users/tbhattacharjee/Desktop/Assignments/HU_JMETER/Main_Assignment/Invalid_login.csv
2022-04-14 17:28:47,604 INFO o.a.j.r.Summariser: summary =     66 in 00:01:13 =    0.9/s Avg:   489 Min:    67 Max:  1608 Err:    10 (15.15%)
2022-04-14 17:28:47,605 INFO o.a.j.JMeter: Generating Dashboard
2022-04-14 17:28:47,605 INFO o.a.j.r.d.ReportGenerator: Flushing result collector before report Generation
2022-04-14 17:28:47,611 INFO o.a.j.r.p.NormalizerSampleConsumer: Using format, 'ms', to parse timeStamp field
2022-04-14 17:28:47,704 INFO o.a.j.r.p.AbstractSampleConsumer: class org.apache.jmeter.report.processor.AggregateConsumer#stopProducing(): beginDate produced 0 samples
2022-04-14 17:28:47,704 INFO o.a.j.r.p.AbstractSampleConsumer: class org.apache.jmeter.report.processor.AggregateConsumer#stopProducing(): endDate produced 0 samples
2022-04-14 17:28:47,704 INFO o.a.j.r.p.AbstractSampleConsumer: class org.apache.jmeter.report.processor.ApdexSummaryConsumer#stopProducing(): apdexSummary produced 0 samples
2022-04-14 17:28:47,704 INFO o.a.j.r.p.AbstractSampleConsumer: class org.apache.jmeter.report.processor.RequestsSummaryConsumer#stopProducing(): requestsSummary produced 0 samples
2022-04-14 17:28:47,710 INFO o.a.j.r.p.AbstractSampleConsumer: class org.apache.jmeter.report.processor.StatisticsSummaryConsumer#stopProducing(): statisticsSummary produced 0 samples
2022-04-14 17:28:47,715 INFO o.a.j.r.p.AbstractSampleConsumer: class org.apache.jmeter.report.processor.Top5ErrorsBySamplerConsumer#stopProducing(): top5ErrorsBySampler produced 0 samples
2022-04-14 17:28:47,715 INFO o.a.j.r.p.AbstractSampleConsumer: class org.apache.jmeter.report.processor.ErrorsSummaryConsumer#stopProducing(): errorsSummary produced 0 samples
2022-04-14 17:28:47,715 INFO o.a.j.r.p.AbstractSampleConsumer: class org.apache.jmeter.report.processor.graph.impl.HitsPerSecondGraphConsumer#stopProducing(): hitsPerSecond produced 0 samples
2022-04-14 17:28:47,726 INFO o.a.j.r.p.AbstractSampleConsumer: class org.apache.jmeter.report.processor.graph.impl.LatencyVSRequestGraphConsumer#stopProducing(): latencyVsRequest produced 0 samples
2022-04-14 17:28:47,726 INFO o.a.j.r.p.AbstractSampleConsumer: class org.apache.jmeter.report.processor.graph.impl.SyntheticResponseTimeDistributionGraphConsumer#stopProducing(): syntheticResponseTimeDistribution produced 0 samples
2022-04-14 17:28:47,726 INFO o.a.j.r.p.AbstractSampleConsumer: class org.apache.jmeter.report.processor.graph.impl.BytesThroughputGraphConsumer#stopProducing(): bytesThroughputOverTime produced 0 samples
2022-04-14 17:28:47,726 INFO o.a.j.r.p.AbstractSampleConsumer: class org.apache.jmeter.report.processor.graph.impl.CodesPerSecondGraphConsumer#stopProducing(): codesPerSecond produced 0 samples
2022-04-14 17:28:47,732 INFO o.a.j.r.p.AbstractSampleConsumer: class org.apache.jmeter.report.processor.graph.impl.ResponseTimeVSRequestGraphConsumer#stopProducing(): responseTimeVsRequest produced 0 samples
2022-04-14 17:28:47,732 INFO o.a.j.r.p.AbstractSampleConsumer: class org.apache.jmeter.report.processor.FilterConsumer#stopProducing(): startIntervalControlerFilter produced 5187 samples
2022-04-14 17:28:47,732 INFO o.a.j.r.p.AbstractSampleConsumer: class org.apache.jmeter.report.processor.graph.impl.TotalTPSGraphConsumer#stopProducing(): totalTPS produced 0 samples
2022-04-14 17:28:47,732 INFO o.a.j.r.p.AbstractSampleConsumer: class org.apache.jmeter.report.processor.graph.impl.ActiveThreadsGraphConsumer#stopProducing(): activeThreadsOverTime produced 0 samples
2022-04-14 17:28:47,732 INFO o.a.j.r.p.AbstractSampleConsumer: class org.apache.jmeter.report.processor.graph.impl.TimeVSThreadGraphConsumer#stopProducing(): timeVsThreads produced 0 samples
2022-04-14 17:28:47,737 INFO o.a.j.r.p.AbstractSampleConsumer: class org.apache.jmeter.report.processor.graph.impl.ResponseTimeDistributionGraphConsumer#stopProducing(): responseTimeDistribution produced 0 samples
2022-04-14 17:28:47,737 INFO o.a.j.r.p.AbstractSampleConsumer: class org.apache.jmeter.report.processor.graph.impl.TransactionsPerSecondGraphConsumer#stopProducing(): transactionsPerSecond produced 0 samples
2022-04-14 17:28:47,737 INFO o.a.j.r.p.AbstractSampleConsumer: class org.apache.jmeter.report.processor.graph.impl.ResponseTimePercentilesGraphConsumer#stopProducing(): responseTimePercentiles produced 0 samples
2022-04-14 17:28:47,742 INFO o.a.j.r.p.AbstractSampleConsumer: class org.apache.jmeter.report.processor.graph.impl.ResponseTimePercentilesOverTimeGraphConsumer#stopProducing(): responseTimePercentilesOverTime produced 0 samples
2022-04-14 17:28:47,742 INFO o.a.j.r.p.AbstractSampleConsumer: class org.apache.jmeter.report.processor.graph.impl.ResponseTimeOverTimeGraphConsumer#stopProducing(): responseTimesOverTime produced 0 samples
2022-04-14 17:28:47,742 INFO o.a.j.r.p.AbstractSampleConsumer: class org.apache.jmeter.report.processor.graph.impl.ConnectTimeOverTimeGraphConsumer#stopProducing(): connectTimeOverTime produced 0 samples
2022-04-14 17:28:47,742 INFO o.a.j.r.p.AbstractSampleConsumer: class org.apache.jmeter.report.processor.graph.impl.LatencyOverTimeGraphConsumer#stopProducing(): latenciesOverTime produced 0 samples
2022-04-14 17:28:47,742 INFO o.a.j.r.p.AbstractSampleConsumer: class org.apache.jmeter.report.processor.FilterConsumer#stopProducing(): nameFilter produced 11490 samples
2022-04-14 17:28:47,742 INFO o.a.j.r.p.AbstractSampleConsumer: class org.apache.jmeter.report.processor.FilterConsumer#stopProducing(): dateRangeFilter produced 2298 samples
2022-04-14 17:28:47,742 INFO o.a.j.r.p.AbstractSampleConsumer: class org.apache.jmeter.report.processor.NormalizerSampleConsumer#stopProducing(): normalizer produced 766 samples
2022-04-14 17:28:47,742 INFO o.a.j.r.p.CsvFileSampleSource: produce(): 766 samples produced in 110ms on channel 0
2022-04-14 17:28:47,742 INFO o.a.j.r.d.ReportGenerator: Exporting data using exporter:'json' of className:'org.apache.jmeter.report.dashboard.JsonExporter'
2022-04-14 17:28:47,832 INFO o.a.j.r.d.JsonExporter: Found data for consumer statisticsSummary in context
2022-04-14 17:28:47,832 INFO o.a.j.r.d.JsonExporter: Creating statistics for overall
2022-04-14 17:28:47,832 INFO o.a.j.r.d.JsonExporter: Creating statistics for other transactions
2022-04-14 17:28:47,832 INFO o.a.j.r.d.JsonExporter: Checking output folder
2022-04-14 17:28:47,832 INFO o.a.j.r.d.JsonExporter: Writing statistics JSON to C:\Users\tbhattacharjee\Desktop\Report\statistics.json
2022-04-14 17:28:47,870 INFO o.a.j.r.d.ReportGenerator: Exporting data using exporter:'html' of className:'org.apache.jmeter.report.dashboard.HtmlTemplateExporter'
2022-04-14 17:28:47,870 INFO o.a.j.r.d.HtmlTemplateExporter: Will generate dashboard in folder: C:\Users\tbhattacharjee\Desktop\Report
2022-04-14 17:28:48,012 INFO o.a.j.r.d.HtmlTemplateExporter: Report will be generated in: C:\Users\tbhattacharjee\Desktop\Report, creating folder structure
2022-04-14 17:28:48,018 INFO o.a.j.r.d.TemplateVisitor: Copying folder from 'C:\Users\tbhattacharjee\Desktop\apache-jmeter-5.4.3\bin\report-template' to 'C:\Users\tbhattacharjee\Desktop\Report', got message: C:\Users\tbhattacharjee\Desktop\Report, found non empty folder with following content [C:\Users\tbhattacharjee\Desktop\Report\statistics.json], will be ignored
2022-04-14 17:28:48,299 INFO o.a.j.JMeter: Dashboard generated
